<?xml version="1.0" encoding="UTF-8"?>
<!-- Generated by org.testng.reporters.JUnitXMLReporter -->
<testsuite hostname="E0797978" ignored="0" name="chromeTest" tests="1" failures="1" timestamp="2022-04-01T17:55:53 EET" time="67.259" errors="0">
  <testcase name="login" time="50.782" classname="tests.LoginTestWithDataDriven">
    <failure type="java.lang.AssertionError" message="expected:&amp;lt;AUTHENTICATION&amp;gt; but was:&amp;lt;MY ACCOUNT&amp;gt;">
      <![CDATA[java.lang.AssertionError: expected:<AUTHENTICATION> but was:<MY ACCOUNT>
at utilities.Assertions.assertElementText(Assertions.java:80)
at pages.MyAccountPage.assertMyAccountTitle(MyAccountPage.java:19)
at tests.LoginTestWithDataDriven.login(LoginTestWithDataDriven.java:44)
at java.util.ArrayList.forEach(ArrayList.java:1259)
... Removed 33 stack frames]]>
    </failure>
  </testcase> <!-- login -->
</testsuite> <!-- chromeTest -->
